[33m[33m[33m[33m[33m[[[[[33m[033m[0m33m[0m33m[0m33m[0mm[0m[0m[0m[0m[0mProcessor 6 of 10 online on host idun-02-29
Processor 7 of 10 online on host idun-02-29
Processor 2 of 10 online on host idun-02-29
Processor 8 of 10 online on host idun-02-29
Processor 10 of 10 online on host idun-02-29
[33m[0mProcessor 3 of 10 online on host idun-02-29
[33m[0m[33m[0mProcessor 4 of 10 online on host idun-02-29
[33m[0m[33m[0m[33m[0m                                                _          
                                               (_)         
                    __   ____ _ _ __ ___  _ __  _ _ __ ___ 
                    \ \ / / _` | '_ ` _ \| '_ \| | '__/ _ \
                     \ V / (_| | | | | | | |_) | | | |  __/
                      \_/ \__,_|_| |_| |_| .__/|_|_|  \___|
                                         | |               
                                         |_|               

                      Version 6.0.0 Jul 13 2023 10:57:44

             Git commit: 86f472e8fc37028e39088b08405adc8bfd241682

  Licensed under the GNU Public License(v2). See licence file for details.

  Lead Developer: Richard F L Evans <richard.evans@york.ac.uk>

  Contributors: Sarah Jenkins, Andrea Meo, Andrew Naden, Matthew Ellis,
                Oscar Arbelaez, Sam Morris, Rory Pond, Weijia Fan,
                Phanwadee Chureemart, Pawel Sobieszczyk, Joe Barker, 
                Thomas Ostler, Andreas Biternas, Roy W Chantrell,
                Wu Hong-Ye, Razvan Ababei, Sam Westmoreland,
                Daniel Meilak
 
                Compiler Flags: MPI 

  Vampire includes a copy of the qhull library from C.B. Barber and The 
  Geometry Center and may be obtained via http from www.qhull.org.

================================================================================
Mon Oct 30 10:31:43 2023
Processor 1 of 10 online on host idun-02-29
================================================================================
Initialising system variables
[33m[0m[33m[0mProcessor 5 of 10 online on host idun-02-29
Creating system
Reading in unit cell data from disk...done!
Processing unit cell data...
Processing data for 8 atoms...done!
Processing data from 112 interactions...done!
Verifying exchange interactions...[33m[0mProcessor 9 of 10 online on host idun-02-29
[33m[0mdone!
System decomposed into 10 x 1 x 1 processors for parallel execution
Copying halo atoms to other processors...[32mdone!
[0m[32m[0mGenerating neighbour list..........[32m[0m[32mdone!
[0mInitialising MPI communications...done!
Copying system data to optimised data structures.
Using normalised tensorial form of exchange interaction with 112 total interactions.
Total number of atoms (all CPUs): 325144
Time for initialisation: 0.603823
Starting Simulation with Program Time-Series...
0          	1          	
1000       	0.996754   	
2000       	0.9962     	
slurmstepd: error: *** JOB 18835479 ON idun-02-29 CANCELLED AT 2023-10-30T10:32:08 ***
